<?xml version='1.0' encoding='UTF-8'?>
<testsuite hostname="Benjamins-MacBook-Air.local" name="cl.uchile.dcc.gwent.BoardTest" tests="8" errors="0" failures="0" skipped="0" time="0.093" timestamp="2023-07-07T14:12:29">
          <properties>
[...]
</properties>
          <testcase classname="cl.uchile.dcc.gwent.BoardTest" name="Two sides are equal if they have the same cards and they belong to the same board" time="0.081">
                      
                    </testcase><testcase classname="cl.uchile.dcc.gwent.BoardTest" name="Two weather zones are equal if they have same cards." time="0.002">
                      
                    </testcase><testcase classname="cl.uchile.dcc.gwent.BoardTest" name="A board has two sides and a weather zone." time="0.001">
                      
                    </testcase><testcase classname="cl.uchile.dcc.gwent.BoardTest" name="Zones have card sets, initially all empty." time="0.003">
                      
                    </testcase><testcase classname="cl.uchile.dcc.gwent.BoardTest" name="Close combat unit card played by Player must be removed from hand and added to close combat zone." time="0.001">
                      
                    </testcase><testcase classname="cl.uchile.dcc.gwent.BoardTest" name="Ranged unit card played by Player must be removed from hand and added to ranged zone." time="0.001">
                      
                    </testcase><testcase classname="cl.uchile.dcc.gwent.BoardTest" name="Siege unit card played by Player must be removed from hand and added to siege zone." time="0.001">
                      
                    </testcase><testcase classname="cl.uchile.dcc.gwent.BoardTest" name="Weather card played by Player must be removed from hand and added to weather zone." time="0.003">
                      
                    </testcase>
          <system-out><![CDATA[]]></system-out>
          <system-err><![CDATA[]]></system-err>
        </testsuite>